app/build/intermediates/manifest_merge_blame_file/debug/manifest-merger-blame-debug-report.txt
1<?xml version="1.0" encoding="utf-8"?>
2<manifest xmlns:android="http://schemas.android.com/apk/res/android"
3    package="com.bsoft.Ecalculator"
4    android:versionCode="1"
5    android:versionName="1.0" >
6
7    <uses-sdk
8        android:minSdkVersion="21"
8-->src/main/AndroidManifest.xml
9        android:targetSdkVersion="31" />
9-->src/main/AndroidManifest.xml
10
11    <application
11-->src/main/AndroidManifest.xml:5:5-25:19
12        android:allowBackup="true"
12-->src/main/AndroidManifest.xml:6:9-35
13        android:debuggable="true"
14        android:icon="@drawable/ic_launcher"
14-->src/main/AndroidManifest.xml:7:9-45
15        android:label="@string/app_name"
15-->src/main/AndroidManifest.xml:8:9-41
16        android:resizeableActivity="true"
16-->src/main/AndroidManifest.xml:10:3-38
17        android:testOnly="true"
18        android:theme="@style/AppTheme" >
18-->src/main/AndroidManifest.xml:9:9-40
19        <activity
19-->src/main/AndroidManifest.xml:11:3-20:20
20            android:name="com.bsoft.Ecalculator.Splash"
20-->src/main/AndroidManifest.xml:12:13-35
21            android:configChanges="keyboard|keyboardHidden|orientation|screenSize"
21-->src/main/AndroidManifest.xml:15:13-83
22            android:label="@string/app_name"
22-->src/main/AndroidManifest.xml:14:13-45
23            android:screenOrientation="portrait" >
23-->src/main/AndroidManifest.xml:13:4-42
24            <intent-filter>
24-->src/main/AndroidManifest.xml:16:13-19:29
25                <action android:name="android.intent.action.MAIN" />
25-->src/main/AndroidManifest.xml:17:17-69
25-->src/main/AndroidManifest.xml:17:25-66
26
27                <category android:name="android.intent.category.LAUNCHER" />
27-->src/main/AndroidManifest.xml:18:17-77
27-->src/main/AndroidManifest.xml:18:27-74
28            </intent-filter>
29        </activity>
30        <activity
30-->src/main/AndroidManifest.xml:21:9-24:48
31            android:name="com.bsoft.Ecalculator.MainActivity"
31-->src/main/AndroidManifest.xml:22:13-41
32            android:label="@string/app_name"
32-->src/main/AndroidManifest.xml:24:13-45
33            android:screenOrientation="portrait" />
33-->src/main/AndroidManifest.xml:23:4-40
34    </application>
35
36</manifest>